2024-10-11 13:08:49-log: Cannot access game frame or container.
2024-10-11 13:08:50-debug: asset-db:require-engine-code (1030ms)
2024-10-11 13:08:50-log: meshopt wasm decoder initialized
2024-10-11 13:08:50-log: [box2d]:box2d wasm lib loaded.
2024-10-11 13:08:51-log: [bullet]:bullet wasm lib loaded.
2024-10-11 13:08:51-log: Cocos Creator v3.8.3
2024-10-11 13:08:51-debug: [Assets Memory track]: asset-db:worker-init: initEngine start:24.24MB, end 77.15MB, increase: 52.91MB
2024-10-11 13:08:51-debug: [Assets Memory track]: asset-db-plugin-register: programming start:78.04MB, end 81.29MB, increase: 3.25MB
2024-10-11 13:08:53-debug: [Assets Memory track]: asset-db-plugin-register: project start:77.91MB, end 175.22MB, increase: 97.32MB
2024-10-11 13:08:53-debug: [Assets Memory track]: asset-db-plugin-register: builder start:81.31MB, end 179.33MB, increase: 98.02MB
2024-10-11 13:08:53-debug: [Assets Memory track]: asset-db:worker-init: initPlugin start:77.16MB, end 175.24MB, increase: 98.08MB
2024-10-11 13:08:53-debug: asset-db:worker-init: initPlugin (1895ms)
2024-10-11 13:08:53-debug: [Assets Memory track]: asset-db:worker-init start:24.23MB, end 175.35MB, increase: 151.12MB
2024-10-11 13:08:53-debug: Run asset db hook engine-extends:beforePreStart ...
2024-10-11 13:08:53-debug: Run asset db hook programming:beforePreStart success!
2024-10-11 13:08:53-debug: Run asset db hook programming:beforePreStart ...
2024-10-11 13:08:53-debug: Run asset db hook engine-extends:beforePreStart success!
2024-10-11 13:08:53-debug: asset-db-hook-programming-beforePreStart (267ms)
2024-10-11 13:08:53-debug: asset-db:worker-init (4306ms)
2024-10-11 13:08:53-debug: asset-db-hook-engine-extends-beforePreStart (267ms)
2024-10-11 13:08:53-debug: Preimport db internal success
2024-10-11 13:08:53-debug: %cImport%c: D:\cocosProject\footBallGame\game\assets\controllers\roomControls\roomController.tsbackground: #aaff85; color: #000;color: #000;
2024-10-11 13:08:53-debug: Preimport db assets success
2024-10-11 13:08:53-debug: Run asset db hook programming:afterPreStart ...
2024-10-11 13:08:53-debug: starting packer-driver...
2024-10-11 13:08:53-debug: initialize scripting environment...
2024-10-11 13:08:53-debug: Set detail map pack:///resolution-detail-map.json: {}
2024-10-11 13:08:53-debug: Run asset db hook programming:afterPreStart success!
2024-10-11 13:08:53-debug: Run asset db hook engine-extends:afterPreStart ...
2024-10-11 13:08:53-debug: [Assets Memory track]: asset-db:worker-init: preStart start:175.36MB, end 176.38MB, increase: 1.02MB
2024-10-11 13:08:53-debug: Run asset db hook engine-extends:afterPreStart success!
2024-10-11 13:08:53-debug: Start up the 'internal' database...
2024-10-11 13:08:54-debug: asset-db:worker-effect-data-processing (331ms)
2024-10-11 13:08:54-debug: asset-db-hook-programming-afterPreStart (881ms)
2024-10-11 13:08:54-debug: asset-db-hook-engine-extends-afterPreStart (331ms)
2024-10-11 13:08:54-debug: [Assets Memory track]: asset-db:worker-startup-database[internal] start:175.41MB, end 189.64MB, increase: 14.23MB
2024-10-11 13:08:54-debug: Start up the 'assets' database...
2024-10-11 13:08:54-debug: asset-db:worker-startup-database[internal] (1343ms)
2024-10-11 13:08:54-debug: [Assets Memory track]: asset-db:worker-startup-database[assets] start:180.15MB, end 189.78MB, increase: 9.63MB
2024-10-11 13:08:54-debug: [Assets Memory track]: asset-db:worker-init: startup start:176.38MB, end 189.79MB, increase: 13.41MB
2024-10-11 13:08:54-debug: lazy register asset handler text
2024-10-11 13:08:54-debug: lazy register asset handler directory
2024-10-11 13:08:54-debug: lazy register asset handler spine-data
2024-10-11 13:08:54-debug: lazy register asset handler *
2024-10-11 13:08:54-debug: lazy register asset handler json
2024-10-11 13:08:54-debug: lazy register asset handler dragonbones
2024-10-11 13:08:54-debug: lazy register asset handler terrain
2024-10-11 13:08:54-debug: lazy register asset handler dragonbones-atlas
2024-10-11 13:08:54-debug: lazy register asset handler javascript
2024-10-11 13:08:54-debug: lazy register asset handler prefab
2024-10-11 13:08:54-debug: lazy register asset handler typescript
2024-10-11 13:08:54-debug: lazy register asset handler sprite-frame
2024-10-11 13:08:54-debug: lazy register asset handler scene
2024-10-11 13:08:54-debug: lazy register asset handler buffer
2024-10-11 13:08:54-debug: lazy register asset handler tiled-map
2024-10-11 13:08:54-debug: lazy register asset handler image
2024-10-11 13:08:54-debug: lazy register asset handler sign-image
2024-10-11 13:08:54-debug: lazy register asset handler alpha-image
2024-10-11 13:08:54-debug: lazy register asset handler texture
2024-10-11 13:08:54-debug: lazy register asset handler render-texture
2024-10-11 13:08:54-debug: lazy register asset handler erp-texture-cube
2024-10-11 13:08:54-debug: lazy register asset handler texture-cube
2024-10-11 13:08:54-debug: lazy register asset handler rt-sprite-frame
2024-10-11 13:08:54-debug: lazy register asset handler gltf
2024-10-11 13:08:54-debug: lazy register asset handler texture-cube-face
2024-10-11 13:08:54-debug: lazy register asset handler gltf-animation
2024-10-11 13:08:54-debug: lazy register asset handler gltf-skeleton
2024-10-11 13:08:54-debug: lazy register asset handler gltf-mesh
2024-10-11 13:08:54-debug: lazy register asset handler gltf-embeded-image
2024-10-11 13:08:54-debug: lazy register asset handler gltf-material
2024-10-11 13:08:54-debug: lazy register asset handler fbx
2024-10-11 13:08:54-debug: lazy register asset handler gltf-scene
2024-10-11 13:08:54-debug: lazy register asset handler physics-material
2024-10-11 13:08:54-debug: lazy register asset handler material
2024-10-11 13:08:54-debug: lazy register asset handler effect
2024-10-11 13:08:54-debug: lazy register asset handler audio-clip
2024-10-11 13:08:54-debug: lazy register asset handler animation-clip
2024-10-11 13:08:54-debug: lazy register asset handler animation-graph-variant
2024-10-11 13:08:54-debug: lazy register asset handler animation-graph
2024-10-11 13:08:54-debug: lazy register asset handler ttf-font
2024-10-11 13:08:54-debug: lazy register asset handler bitmap-font
2024-10-11 13:08:54-debug: lazy register asset handler particle
2024-10-11 13:08:54-debug: lazy register asset handler animation-mask
2024-10-11 13:08:54-debug: lazy register asset handler sprite-atlas
2024-10-11 13:08:54-debug: lazy register asset handler auto-atlas
2024-10-11 13:08:54-debug: lazy register asset handler effect-header
2024-10-11 13:08:54-debug: lazy register asset handler render-pipeline
2024-10-11 13:08:54-debug: lazy register asset handler label-atlas
2024-10-11 13:08:54-debug: lazy register asset handler render-stage
2024-10-11 13:08:54-debug: lazy register asset handler render-flow
2024-10-11 13:08:54-debug: lazy register asset handler instantiation-material
2024-10-11 13:08:54-debug: lazy register asset handler instantiation-mesh
2024-10-11 13:08:54-debug: lazy register asset handler instantiation-skeleton
2024-10-11 13:08:54-debug: lazy register asset handler video-clip
2024-10-11 13:08:54-debug: lazy register asset handler instantiation-animation
2024-10-11 13:08:54-debug: asset-db:worker-startup-database[assets] (1079ms)
2024-10-11 13:08:54-debug: asset-db:start-database (1410ms)
2024-10-11 13:08:54-debug: asset-db:ready (7854ms)
2024-10-11 13:08:54-debug: init worker message success
2024-10-11 13:08:55-debug: programming:execute-script (7ms)
2024-10-11 13:08:55-debug: [Build Memory track]: builder:worker-init start:187.69MB, end 202.44MB, increase: 14.76MB
2024-10-11 13:08:55-debug: builder:worker-init (1234ms)
2024-10-11 13:08:56-debug: Query all assets info in project
2024-10-11 13:08:56-debug: init custom config: keepNodeUuid: false, useCache: true
2024-10-11 13:08:56-debug: 查询 Asset Bundle start, progress: 0%
2024-10-11 13:08:56-debug: // ---- build task 查询 Asset Bundle ----
2024-10-11 13:08:56-debug: Query preload assets from cc.config.json: 60f7195c-ec2a-45eb-ba94-8955f60e81d0,1c02ae6f-4492-4915-b8f8-7492a3b1e4cd,810e96e4-e456-4468-9b59-f4e8f39732c0,efe8e2a3-eace-427b-b4f1-cb8a937ec77d,e9aa9a3e-5b2b-4ac7-a2c7-073de2b2b24f,8bbdbcdd-5cd4-4100-b6d5-b7c9625b6107,50f4348b-c883-4e2f-8f11-ce233b859fa1,fda095cb-831d-4601-ad94-846013963de8,f92806d7-1768-443f-afe8-12bcde84d0f0,dd3a144d-ab7f-41f0-82b8-2e43a090d496,f0416e68-0200-4b77-a926-4f9d16e494da,970b0598-bcb0-4714-91fb-2e81440dccd8,bcd64cc6-2dd9-43f6-abbe-66318d332032,d930590d-bb92-4cc8-8bd1-23cd027f9edf,a3cd009f-0ab0-420d-9278-b9fdab939bbc,c27215d8-6835-4b68-bfbb-bdeac6100c04,b5d6115f-0370-4d7c-aad3-c194cc71cf98,871c3b6c-7379-419d-bda3-794b239ab90d
2024-10-11 13:08:56-debug:   Number of all scripts: 15
2024-10-11 13:08:56-debug:   Number of other assets: 300
2024-10-11 13:08:56-debug:   Number of all scenes: 3
2024-10-11 13:08:56-debug: // ---- build task 查询 Asset Bundle ---- (16ms)
2024-10-11 13:08:56-debug: run build task 查询 Asset Bundle success in 16 ms√, progress: 5%
2024-10-11 13:08:56-debug: [Build Memory track]: 查询 Asset Bundle start:198.54MB, end 199.02MB, increase: 491.53KB
2024-10-11 13:08:56-debug: 查询 Asset Bundle start, progress: 5%
2024-10-11 13:08:56-debug: // ---- build task 查询 Asset Bundle ----
2024-10-11 13:08:56-debug: // ---- build task 查询 Asset Bundle ---- (5ms)
2024-10-11 13:08:56-debug: run build task 查询 Asset Bundle success in 5 ms√, progress: 10%
2024-10-11 13:08:56-debug: [Build Memory track]: 查询 Asset Bundle start:199.04MB, end 199.11MB, increase: 77.10KB
2024-10-11 13:08:56-debug: // ---- build task 整理部分构建选项内数据到 settings.json ----
2024-10-11 13:08:56-debug: // ---- build task 整理部分构建选项内数据到 settings.json ---- (5ms)
2024-10-11 13:08:56-debug: run build task 整理部分构建选项内数据到 settings.json success in 5 ms√, progress: 12%
2024-10-11 13:08:56-debug: [Build Memory track]: 整理部分构建选项内数据到 settings.json start:199.13MB, end 199.14MB, increase: 14.64KB
2024-10-11 13:08:56-debug: 填充脚本数据到 settings.json start, progress: 12%
2024-10-11 13:08:56-debug: // ---- build task 填充脚本数据到 settings.json ----
2024-10-11 13:08:56-debug: 整理部分构建选项内数据到 settings.json start, progress: 10%
2024-10-11 13:08:56-debug: [Build Memory track]: 填充脚本数据到 settings.json start:199.16MB, end 199.18MB, increase: 17.80KB
2024-10-11 13:08:56-debug: 整理部分构建选项内数据到 settings.json start, progress: 13%
2024-10-11 13:08:56-debug: // ---- build task 整理部分构建选项内数据到 settings.json ----
2024-10-11 13:08:56-debug: run build task 填充脚本数据到 settings.json success in 2 ms√, progress: 13%
2024-10-11 13:08:56-debug: // ---- build task 填充脚本数据到 settings.json ---- (2ms)
2024-10-11 13:08:56-debug: // ---- build task 整理部分构建选项内数据到 settings.json ---- (10ms)
2024-10-11 13:08:56-debug: run build task 整理部分构建选项内数据到 settings.json success in 10 ms√, progress: 15%
2024-10-11 13:08:56-debug: [Build Memory track]: 整理部分构建选项内数据到 settings.json start:199.19MB, end 199.32MB, increase: 129.54KB
2024-10-11 13:09:00-debug: refresh db internal success
2024-10-11 13:09:00-debug: refresh db assets success
2024-10-11 13:09:00-debug: Run asset db hook engine-extends:afterRefresh success!
2024-10-11 13:09:00-debug: Run asset db hook engine-extends:afterRefresh ...
2024-10-11 13:09:00-debug: asset-db:refresh-all-database (230ms)
2024-10-11 13:09:00-debug: asset-db:worker-effect-data-processing (2ms)
2024-10-11 13:09:00-debug: asset-db-hook-engine-extends-afterRefresh (2ms)
2024-10-11 17:29:47-debug: refresh db internal success
2024-10-11 17:29:47-debug: refresh db assets success
2024-10-11 17:29:47-debug: Run asset db hook engine-extends:afterRefresh ...
2024-10-11 17:29:47-debug: Run asset db hook engine-extends:afterRefresh success!
2024-10-11 17:29:47-debug: asset-db:refresh-all-database (279ms)
2024-10-11 17:29:47-debug: asset-db:worker-effect-data-processing (2ms)
2024-10-11 17:29:47-debug: asset-db-hook-engine-extends-afterRefresh (3ms)
2024-10-11 17:29:47-debug: start refresh asset from D:\cocosProject\footBallGame\game\assets\src\scenes\login.scene...
2024-10-11 17:29:47-debug: %cImport%c: D:\cocosProject\footBallGame\game\assets\src\scenes\login.scenebackground: #aaff85; color: #000;color: #000;
2024-10-11 17:29:47-debug: refresh asset D:\cocosProject\footBallGame\game\assets\src\scenes success
2024-10-11 17:29:48-debug: Query all assets info in project
2024-10-11 17:29:48-debug: init custom config: keepNodeUuid: false, useCache: true
2024-10-11 17:29:48-debug: 查询 Asset Bundle start, progress: 0%
2024-10-11 17:29:48-debug: // ---- build task 查询 Asset Bundle ----
2024-10-11 17:29:48-debug: Query preload assets from cc.config.json: 60f7195c-ec2a-45eb-ba94-8955f60e81d0,1c02ae6f-4492-4915-b8f8-7492a3b1e4cd,810e96e4-e456-4468-9b59-f4e8f39732c0,efe8e2a3-eace-427b-b4f1-cb8a937ec77d,e9aa9a3e-5b2b-4ac7-a2c7-073de2b2b24f,8bbdbcdd-5cd4-4100-b6d5-b7c9625b6107,50f4348b-c883-4e2f-8f11-ce233b859fa1,fda095cb-831d-4601-ad94-846013963de8,f92806d7-1768-443f-afe8-12bcde84d0f0,dd3a144d-ab7f-41f0-82b8-2e43a090d496,f0416e68-0200-4b77-a926-4f9d16e494da,970b0598-bcb0-4714-91fb-2e81440dccd8,bcd64cc6-2dd9-43f6-abbe-66318d332032,d930590d-bb92-4cc8-8bd1-23cd027f9edf,a3cd009f-0ab0-420d-9278-b9fdab939bbc,c27215d8-6835-4b68-bfbb-bdeac6100c04,b5d6115f-0370-4d7c-aad3-c194cc71cf98,871c3b6c-7379-419d-bda3-794b239ab90d
2024-10-11 17:29:48-debug:   Number of all scenes: 3
2024-10-11 17:29:48-debug:   Number of all scripts: 15
2024-10-11 17:29:48-debug:   Number of other assets: 300
2024-10-11 17:29:48-debug: // ---- build task 查询 Asset Bundle ---- (18ms)
2024-10-11 17:29:48-debug: run build task 查询 Asset Bundle success in 18 ms√, progress: 5%
2024-10-11 17:29:48-debug: [Build Memory track]: 查询 Asset Bundle start:167.04MB, end 166.83MB, increase: -216.35KB
2024-10-11 17:29:48-debug: 查询 Asset Bundle start, progress: 5%
2024-10-11 17:29:48-debug: // ---- build task 查询 Asset Bundle ----
2024-10-11 17:29:48-debug: // ---- build task 查询 Asset Bundle ---- (9ms)
2024-10-11 17:29:48-debug: run build task 查询 Asset Bundle success in 9 ms√, progress: 10%
2024-10-11 17:29:48-debug: 整理部分构建选项内数据到 settings.json start, progress: 10%
2024-10-11 17:29:48-debug: // ---- build task 整理部分构建选项内数据到 settings.json ----
2024-10-11 17:29:48-debug: [Build Memory track]: 查询 Asset Bundle start:166.85MB, end 166.92MB, increase: 75.30KB
2024-10-11 17:29:48-debug: // ---- build task 整理部分构建选项内数据到 settings.json ---- (3ms)
2024-10-11 17:29:48-debug: [Build Memory track]: 整理部分构建选项内数据到 settings.json start:166.94MB, end 167.10MB, increase: 164.89KB
2024-10-11 17:29:48-debug: run build task 整理部分构建选项内数据到 settings.json success in 3 ms√, progress: 12%
2024-10-11 17:29:48-debug: // ---- build task 填充脚本数据到 settings.json ----
2024-10-11 17:29:48-debug: 填充脚本数据到 settings.json start, progress: 12%
2024-10-11 17:29:48-debug: run build task 填充脚本数据到 settings.json success in 2 ms√, progress: 13%
2024-10-11 17:29:48-debug: [Build Memory track]: 填充脚本数据到 settings.json start:167.11MB, end 167.13MB, increase: 18.90KB
2024-10-11 17:29:48-debug: 整理部分构建选项内数据到 settings.json start, progress: 13%
2024-10-11 17:29:48-debug: // ---- build task 填充脚本数据到 settings.json ---- (2ms)
2024-10-11 17:29:48-debug: // ---- build task 整理部分构建选项内数据到 settings.json ----
2024-10-11 17:29:48-debug: // ---- build task 整理部分构建选项内数据到 settings.json ---- (12ms)
2024-10-11 17:29:48-debug: [Build Memory track]: 整理部分构建选项内数据到 settings.json start:167.15MB, end 167.27MB, increase: 124.25KB
2024-10-11 17:29:48-debug: run build task 整理部分构建选项内数据到 settings.json success in 12 ms√, progress: 15%
