2024-10-16 17:14:50-log: Cannot access game frame or container.
2024-10-16 17:14:51-debug: asset-db:require-engine-code (1451ms)
2024-10-16 17:14:51-log: meshopt wasm decoder initialized
2024-10-16 17:14:51-log: [bullet]:bullet wasm lib loaded.
2024-10-16 17:14:51-log: [box2d]:box2d wasm lib loaded.
2024-10-16 17:14:51-log: Cocos Creator v3.8.3
2024-10-16 17:14:51-debug: [Assets Memory track]: asset-db:worker-init: initEngine start:24.99MB, end 77.81MB, increase: 52.82MB
2024-10-16 17:14:53-debug: [Assets Memory track]: asset-db-plugin-register: engine-extends start:204.10MB, end 207.28MB, increase: 3.18MB
2024-10-16 17:14:53-debug: [Assets Memory track]: asset-db-plugin-register: project start:78.44MB, end 207.34MB, increase: 128.90MB
2024-10-16 17:14:53-debug: [Assets Memory track]: asset-db:worker-init: initPlugin start:77.82MB, end 207.36MB, increase: 129.54MB
2024-10-16 17:14:52-debug: [Assets Memory track]: asset-db-plugin-register: programming start:78.57MB, end 82.03MB, increase: 3.46MB
2024-10-16 17:14:53-debug: [Assets Memory track]: asset-db-plugin-register: builder start:82.05MB, end 203.88MB, increase: 121.83MB
2024-10-16 17:14:54-debug: asset-db:worker-init: initPlugin (2167ms)
2024-10-16 17:14:54-debug: [Assets Memory track]: asset-db:worker-init start:24.98MB, end 207.53MB, increase: 182.55MB
2024-10-16 17:14:54-debug: Run asset db hook programming:beforePreStart ...
2024-10-16 17:14:54-debug: Run asset db hook programming:beforePreStart success!
2024-10-16 17:14:54-debug: Run asset db hook engine-extends:beforePreStart success!
2024-10-16 17:14:54-debug: Run asset db hook engine-extends:beforePreStart ...
2024-10-16 17:14:54-debug: asset-db:worker-init (4801ms)
2024-10-16 17:14:54-debug: asset-db-hook-programming-beforePreStart (416ms)
2024-10-16 17:14:54-debug: asset-db-hook-engine-extends-beforePreStart (415ms)
2024-10-16 17:14:54-debug: Preimport db internal success
2024-10-16 17:14:55-debug: Preimport db assets success
2024-10-16 17:14:55-debug: Run asset db hook programming:afterPreStart ...
2024-10-16 17:14:55-debug: starting packer-driver...
2024-10-16 17:14:55-debug: initialize scripting environment...
2024-10-16 17:14:55-debug: Run asset db hook programming:afterPreStart success!
2024-10-16 17:14:55-debug: Run asset db hook engine-extends:afterPreStart success!
2024-10-16 17:14:55-debug: Run asset db hook engine-extends:afterPreStart ...
2024-10-16 17:14:55-debug: Start up the 'internal' database...
2024-10-16 17:14:55-debug: Set detail map pack:///resolution-detail-map.json: {}
2024-10-16 17:14:56-debug: asset-db:worker-effect-data-processing (407ms)
2024-10-16 17:14:56-debug: asset-db-hook-programming-afterPreStart (1024ms)
2024-10-16 17:14:56-debug: asset-db-hook-engine-extends-afterPreStart (407ms)
2024-10-16 17:14:56-debug: [Assets Memory track]: asset-db:worker-startup-database[internal] start:207.59MB, end 221.87MB, increase: 14.28MB
2024-10-16 17:14:56-debug: Start up the 'assets' database...
2024-10-16 17:14:56-debug: asset-db:worker-startup-database[internal] (2593ms)
2024-10-16 17:14:56-debug: [Assets Memory track]: asset-db:worker-startup-database[assets] start:208.94MB, end 217.57MB, increase: 8.63MB
2024-10-16 17:14:56-debug: [Assets Memory track]: asset-db:worker-init: startup start:205.22MB, end 217.58MB, increase: 12.36MB
2024-10-16 17:14:56-debug: lazy register asset handler directory
2024-10-16 17:14:56-debug: lazy register asset handler text
2024-10-16 17:14:56-debug: lazy register asset handler *
2024-10-16 17:14:56-debug: lazy register asset handler json
2024-10-16 17:14:56-debug: lazy register asset handler spine-data
2024-10-16 17:14:56-debug: lazy register asset handler dragonbones
2024-10-16 17:14:56-debug: lazy register asset handler dragonbones-atlas
2024-10-16 17:14:56-debug: lazy register asset handler terrain
2024-10-16 17:14:56-debug: lazy register asset handler javascript
2024-10-16 17:14:56-debug: lazy register asset handler typescript
2024-10-16 17:14:56-debug: lazy register asset handler scene
2024-10-16 17:14:56-debug: lazy register asset handler sprite-frame
2024-10-16 17:14:56-debug: lazy register asset handler buffer
2024-10-16 17:14:56-debug: lazy register asset handler image
2024-10-16 17:14:56-debug: lazy register asset handler sign-image
2024-10-16 17:14:56-debug: lazy register asset handler alpha-image
2024-10-16 17:14:56-debug: lazy register asset handler texture
2024-10-16 17:14:56-debug: lazy register asset handler tiled-map
2024-10-16 17:14:56-debug: lazy register asset handler erp-texture-cube
2024-10-16 17:14:56-debug: lazy register asset handler texture-cube
2024-10-16 17:14:56-debug: lazy register asset handler prefab
2024-10-16 17:14:56-debug: lazy register asset handler rt-sprite-frame
2024-10-16 17:14:56-debug: lazy register asset handler gltf
2024-10-16 17:14:56-debug: lazy register asset handler gltf-animation
2024-10-16 17:14:56-debug: lazy register asset handler gltf-mesh
2024-10-16 17:14:56-debug: lazy register asset handler texture-cube-face
2024-10-16 17:14:56-debug: lazy register asset handler render-texture
2024-10-16 17:14:56-debug: lazy register asset handler gltf-skeleton
2024-10-16 17:14:56-debug: lazy register asset handler gltf-material
2024-10-16 17:14:56-debug: lazy register asset handler fbx
2024-10-16 17:14:56-debug: lazy register asset handler material
2024-10-16 17:14:56-debug: lazy register asset handler gltf-scene
2024-10-16 17:14:56-debug: lazy register asset handler gltf-embeded-image
2024-10-16 17:14:56-debug: lazy register asset handler physics-material
2024-10-16 17:14:56-debug: lazy register asset handler effect
2024-10-16 17:14:56-debug: lazy register asset handler effect-header
2024-10-16 17:14:56-debug: lazy register asset handler animation-clip
2024-10-16 17:14:56-debug: lazy register asset handler animation-graph
2024-10-16 17:14:56-debug: lazy register asset handler animation-graph-variant
2024-10-16 17:14:56-debug: lazy register asset handler audio-clip
2024-10-16 17:14:56-debug: lazy register asset handler animation-mask
2024-10-16 17:14:56-debug: lazy register asset handler particle
2024-10-16 17:14:56-debug: lazy register asset handler sprite-atlas
2024-10-16 17:14:56-debug: lazy register asset handler bitmap-font
2024-10-16 17:14:56-debug: lazy register asset handler ttf-font
2024-10-16 17:14:56-debug: lazy register asset handler label-atlas
2024-10-16 17:14:56-debug: lazy register asset handler auto-atlas
2024-10-16 17:14:56-debug: lazy register asset handler render-pipeline
2024-10-16 17:14:56-debug: lazy register asset handler render-flow
2024-10-16 17:14:56-debug: lazy register asset handler instantiation-material
2024-10-16 17:14:56-debug: lazy register asset handler instantiation-mesh
2024-10-16 17:14:56-debug: lazy register asset handler instantiation-animation
2024-10-16 17:14:56-debug: lazy register asset handler render-stage
2024-10-16 17:14:56-debug: lazy register asset handler instantiation-skeleton
2024-10-16 17:14:56-debug: lazy register asset handler video-clip
2024-10-16 17:14:56-debug: asset-db:worker-startup-database[assets] (2000ms)
2024-10-16 17:14:56-debug: asset-db:start-database (2662ms)
2024-10-16 17:14:56-debug: asset-db:ready (10198ms)
2024-10-16 17:14:56-debug: init worker message success
2024-10-16 17:14:57-debug: builder:worker-init (784ms)
2024-10-16 17:14:57-debug: programming:execute-script (6ms)
2024-10-16 17:14:57-debug: [Build Memory track]: builder:worker-init start:222.03MB, end 232.62MB, increase: 10.59MB
2024-10-16 17:15:24-debug: refresh db internal success
2024-10-16 17:15:24-debug: refresh db assets success
2024-10-16 17:15:24-debug: Run asset db hook engine-extends:afterRefresh ...
2024-10-16 17:15:24-debug: Run asset db hook engine-extends:afterRefresh success!
2024-10-16 17:15:24-debug: asset-db:refresh-all-database (206ms)
2024-10-16 17:15:24-debug: asset-db:worker-effect-data-processing (1ms)
2024-10-16 17:15:24-debug: asset-db-hook-engine-extends-afterRefresh (2ms)
2024-10-16 17:15:26-debug: refresh db internal success
2024-10-16 17:15:26-debug: refresh db assets success
2024-10-16 17:15:26-debug: Run asset db hook engine-extends:afterRefresh ...
2024-10-16 17:15:26-debug: Run asset db hook engine-extends:afterRefresh success!
2024-10-16 17:15:26-debug: asset-db:refresh-all-database (219ms)
2024-10-16 17:15:26-debug: asset-db:worker-effect-data-processing (1ms)
2024-10-16 17:15:26-debug: asset-db-hook-engine-extends-afterRefresh (1ms)
2024-10-16 17:15:32-debug: start refresh asset from D:\cocosProject\footBallGame\game\assets\src\scenes\game.scene...
2024-10-16 17:15:32-debug: %cImport%c: D:\cocosProject\footBallGame\game\assets\src\scenes\game.scenebackground: #aaff85; color: #000;color: #000;
2024-10-16 17:15:32-debug: refresh asset D:\cocosProject\footBallGame\game\assets\src\scenes success
2024-10-16 17:15:39-debug: Query all assets info in project
2024-10-16 17:15:39-debug: init custom config: keepNodeUuid: false, useCache: true
2024-10-16 17:15:39-debug: 查询 Asset Bundle start, progress: 0%
2024-10-16 17:15:39-debug: // ---- build task 查询 Asset Bundle ----
2024-10-16 17:15:39-debug: Query preload assets from cc.config.json: 60f7195c-ec2a-45eb-ba94-8955f60e81d0,1c02ae6f-4492-4915-b8f8-7492a3b1e4cd,810e96e4-e456-4468-9b59-f4e8f39732c0,efe8e2a3-eace-427b-b4f1-cb8a937ec77d,e9aa9a3e-5b2b-4ac7-a2c7-073de2b2b24f,8bbdbcdd-5cd4-4100-b6d5-b7c9625b6107,50f4348b-c883-4e2f-8f11-ce233b859fa1,fda095cb-831d-4601-ad94-846013963de8,f92806d7-1768-443f-afe8-12bcde84d0f0,dd3a144d-ab7f-41f0-82b8-2e43a090d496,f0416e68-0200-4b77-a926-4f9d16e494da,970b0598-bcb0-4714-91fb-2e81440dccd8,bcd64cc6-2dd9-43f6-abbe-66318d332032,d930590d-bb92-4cc8-8bd1-23cd027f9edf,a3cd009f-0ab0-420d-9278-b9fdab939bbc,c27215d8-6835-4b68-bfbb-bdeac6100c04,b5d6115f-0370-4d7c-aad3-c194cc71cf98,871c3b6c-7379-419d-bda3-794b239ab90d
2024-10-16 17:15:39-debug:   Number of all scenes: 3
2024-10-16 17:15:39-debug:   Number of all scripts: 15
2024-10-16 17:15:39-debug:   Number of other assets: 301
2024-10-16 17:15:39-debug: [Build Memory track]: 查询 Asset Bundle start:167.58MB, end 168.09MB, increase: 523.16KB
2024-10-16 17:15:39-debug: run build task 查询 Asset Bundle success in 6 ms√, progress: 5%
2024-10-16 17:15:39-debug: 查询 Asset Bundle start, progress: 5%
2024-10-16 17:15:39-debug: // ---- build task 查询 Asset Bundle ---- (6ms)
2024-10-16 17:15:39-debug: // ---- build task 查询 Asset Bundle ----
2024-10-16 17:15:39-debug: // ---- build task 查询 Asset Bundle ---- (3ms)
2024-10-16 17:15:39-debug: run build task 查询 Asset Bundle success in 3 ms√, progress: 10%
2024-10-16 17:15:39-debug: [Build Memory track]: 查询 Asset Bundle start:168.14MB, end 168.22MB, increase: 76.66KB
2024-10-16 17:15:39-debug: 整理部分构建选项内数据到 settings.json start, progress: 10%
2024-10-16 17:15:39-debug: // ---- build task 整理部分构建选项内数据到 settings.json ----
2024-10-16 17:15:39-debug: // ---- build task 整理部分构建选项内数据到 settings.json ---- (1ms)
2024-10-16 17:15:39-debug: run build task 整理部分构建选项内数据到 settings.json success in 1 ms√, progress: 12%
2024-10-16 17:15:39-debug: 填充脚本数据到 settings.json start, progress: 12%
2024-10-16 17:15:39-debug: [Build Memory track]: 整理部分构建选项内数据到 settings.json start:168.23MB, end 168.25MB, increase: 18.17KB
2024-10-16 17:15:39-debug: // ---- build task 填充脚本数据到 settings.json ----
2024-10-16 17:15:39-debug: // ---- build task 填充脚本数据到 settings.json ---- (1ms)
2024-10-16 17:15:39-debug: run build task 填充脚本数据到 settings.json success in 1 ms√, progress: 13%
2024-10-16 17:15:39-debug: 整理部分构建选项内数据到 settings.json start, progress: 13%
2024-10-16 17:15:39-debug: // ---- build task 整理部分构建选项内数据到 settings.json ----
2024-10-16 17:15:39-debug: [Build Memory track]: 填充脚本数据到 settings.json start:168.26MB, end 168.28MB, increase: 15.93KB
2024-10-16 17:15:39-debug: // ---- build task 整理部分构建选项内数据到 settings.json ---- (4ms)
2024-10-16 17:15:39-debug: [Build Memory track]: 整理部分构建选项内数据到 settings.json start:168.30MB, end 167.61MB, increase: -701.20KB
2024-10-16 17:15:39-debug: run build task 整理部分构建选项内数据到 settings.json success in 4 ms√, progress: 15%
